<?xml version="1.0" encoding="UTF-8"?>
<testng-results ignored="0" total="1" passed="1" failed="0" skipped="0">
  <reporter-output>
  </reporter-output>
  <suite started-at="2025-07-07T14:36:02 IST" name="Default suite" finished-at="2025-07-07T14:36:02 IST" duration-ms="268">
    <groups>
    </groups>
    <test started-at="2025-07-07T14:36:02 IST" name="Default test" finished-at="2025-07-07T14:36:02 IST" duration-ms="268">
      <class name="com.sample.Project">
        <test-method signature="sampleTest()[pri:0, instance:com.sample.Project@46cdf8bd]" started-at="2025-07-07T14:36:02 IST" name="sampleTest" finished-at="2025-07-07T14:36:02 IST" duration-ms="26" status="PASS">
          <reporter-output>
          </reporter-output>
        </test-method> <!-- sampleTest -->
      </class> <!-- com.sample.Project -->
    </test> <!-- Default test -->
  </suite> <!-- Default suite -->
</testng-results>
